<?xml version="1.0" encoding="utf-8" ?>
<!DOCTYPE html PUBLIC "-//W3C//DTD XHTML 1.0 Strict//EN"
        "http://www.w3.org/TR/xhtml1/DTD/xhtml1-strict.dtd">
<html xmlns="http://www.w3.org/1999/xhtml" xml:lang="" lang="">
<head>
  <title>Test Results Report - apSupplierInvoice/queryInvoiceListWithPag</title>
  <meta http-equiv="Content-Type" content="text/html;charset=utf-8" />
  <meta name="description" content="TestNG unit test results." />
  <link href="reportng.css" rel="stylesheet" type="text/css" />
    <script type="text/javascript" src="reportng.js"></script>
</head>
<body>
<h1>apSupplierInvoice/queryInvoiceListWithPag</h1>
<p>
  Test duration: 0.648s
</p>



  <table class="resultsTable">
    <tr><th colspan="3" class="header failed">Failed Tests</th></tr>
          <tr>
        <td colspan="3" class="group">common.RestfulAutomatedTest</td>
      </tr>
            
<tr>
  <td class="method">
                  callService
      </td>
  <td class="duration">
    0.059s
  </td>
  <td class="result">
        
          <i>Method arguments: </i><span class="arguments">"/back-finance-web/apSupplierInvoice/queryInvoiceListWithPage.do", "{"obj":{},"currentPage":1,"itemsPerPage":10}", common.ServiceCase@3e7b174d</span><br />
    
        

        <a href="javascript:toggleElement('exception-0', 'block')" title="Click to expand/collapse"><b>java.lang.AssertionError: git.tags<br/>
Expect:&quot;jiaofu/finance_d_2.3.0.22&quot;<br/>
&nbsp;&nbsp; But:&quot;finance_d_springcloud_2.6.0.4,finance_d_springcloud_2.6.0.5&quot;</b></a><br />
    <div class="stackTrace" id="exception-0">
              common.utils.JsonAssert.equals(JsonAssert.java:37)<br />
              common.utils.JsonAssert.equals(JsonAssert.java:23)<br />
              common.utils.JsonAssert.equals(JsonAssert.java:23)<br />
              common.utils.JsonAssert.equals(JsonAssert.java:16)<br />
              common.RestfulAutomatedTest.callService(RestfulAutomatedTest.java:34)<br />
              sun.reflect.NativeMethodAccessorImpl.invoke0(Native Method)<br />
              sun.reflect.NativeMethodAccessorImpl.invoke(NativeMethodAccessorImpl.java:62)<br />
              sun.reflect.DelegatingMethodAccessorImpl.invoke(DelegatingMethodAccessorImpl.java:43)<br />
              java.lang.reflect.Method.invoke(Method.java:498)<br />
              org.testng.internal.MethodInvocationHelper.invokeMethod(MethodInvocationHelper.java:124)<br />
              org.testng.internal.Invoker.invokeMethod(Invoker.java:583)<br />
              org.testng.internal.Invoker.invokeTestMethod(Invoker.java:719)<br />
              org.testng.internal.Invoker.invokeTestMethods(Invoker.java:989)<br />
              org.testng.internal.TestMethodWorker.invokeTestMethods(TestMethodWorker.java:125)<br />
              org.testng.internal.TestMethodWorker.run(TestMethodWorker.java:109)<br />
              org.testng.TestRunner.privateRun(TestRunner.java:648)<br />
              org.testng.TestRunner.run(TestRunner.java:505)<br />
              org.testng.SuiteRunner.runTest(SuiteRunner.java:455)<br />
              org.testng.SuiteRunner.access$000(SuiteRunner.java:40)<br />
              org.testng.SuiteRunner$SuiteWorker.run(SuiteRunner.java:489)<br />
              org.testng.internal.thread.ThreadUtil$1.call(ThreadUtil.java:52)<br />
              java.util.concurrent.FutureTask.run(FutureTask.java:266)<br />
              java.util.concurrent.ThreadPoolExecutor.runWorker(ThreadPoolExecutor.java:1149)<br />
              java.util.concurrent.ThreadPoolExecutor$Worker.run(ThreadPoolExecutor.java:624)<br />
              java.lang.Thread.run(Thread.java:748)<br />
                </div>
      </td>
</tr>
<tr>
  <td class="method">
                  callService
      </td>
  <td class="duration">
    0.073s
  </td>
  <td class="result">
        
          <i>Method arguments: </i><span class="arguments">"/back-finance-web/apSupplierInvoice/queryInvoiceListWithPage.do", "{"obj":{},"currentPage":1,"itemsPerPage":10}", common.ServiceCase@3b4a819c</span><br />
    
        

        <a href="javascript:toggleElement('exception-1', 'block')" title="Click to expand/collapse"><b>java.lang.AssertionError: git.tags<br/>
Expect:&quot;jiaofu/finance_d_2.3.0.22&quot;<br/>
&nbsp;&nbsp; But:&quot;finance_d_springcloud_2.6.0.4,finance_d_springcloud_2.6.0.5&quot;</b></a><br />
    <div class="stackTrace" id="exception-1">
              common.utils.JsonAssert.equals(JsonAssert.java:37)<br />
              common.utils.JsonAssert.equals(JsonAssert.java:23)<br />
              common.utils.JsonAssert.equals(JsonAssert.java:23)<br />
              common.utils.JsonAssert.equals(JsonAssert.java:16)<br />
              common.RestfulAutomatedTest.callService(RestfulAutomatedTest.java:34)<br />
              sun.reflect.NativeMethodAccessorImpl.invoke0(Native Method)<br />
              sun.reflect.NativeMethodAccessorImpl.invoke(NativeMethodAccessorImpl.java:62)<br />
              sun.reflect.DelegatingMethodAccessorImpl.invoke(DelegatingMethodAccessorImpl.java:43)<br />
              java.lang.reflect.Method.invoke(Method.java:498)<br />
              org.testng.internal.MethodInvocationHelper.invokeMethod(MethodInvocationHelper.java:124)<br />
              org.testng.internal.Invoker.invokeMethod(Invoker.java:583)<br />
              org.testng.internal.Invoker.invokeTestMethod(Invoker.java:719)<br />
              org.testng.internal.Invoker.invokeTestMethods(Invoker.java:989)<br />
              org.testng.internal.TestMethodWorker.invokeTestMethods(TestMethodWorker.java:125)<br />
              org.testng.internal.TestMethodWorker.run(TestMethodWorker.java:109)<br />
              org.testng.TestRunner.privateRun(TestRunner.java:648)<br />
              org.testng.TestRunner.run(TestRunner.java:505)<br />
              org.testng.SuiteRunner.runTest(SuiteRunner.java:455)<br />
              org.testng.SuiteRunner.access$000(SuiteRunner.java:40)<br />
              org.testng.SuiteRunner$SuiteWorker.run(SuiteRunner.java:489)<br />
              org.testng.internal.thread.ThreadUtil$1.call(ThreadUtil.java:52)<br />
              java.util.concurrent.FutureTask.run(FutureTask.java:266)<br />
              java.util.concurrent.ThreadPoolExecutor.runWorker(ThreadPoolExecutor.java:1149)<br />
              java.util.concurrent.ThreadPoolExecutor$Worker.run(ThreadPoolExecutor.java:624)<br />
              java.lang.Thread.run(Thread.java:748)<br />
                </div>
      </td>
</tr>
<tr>
  <td class="method">
                  callService
      </td>
  <td class="duration">
    0.058s
  </td>
  <td class="result">
        
          <i>Method arguments: </i><span class="arguments">"/back-finance-web/apSupplierInvoice/queryInvoiceListWithPage.do", "{"obj":{},"currentPage":1,"itemsPerPage":10}", common.ServiceCase@7f86053</span><br />
    
        

        <a href="javascript:toggleElement('exception-2', 'block')" title="Click to expand/collapse"><b>java.lang.AssertionError: git.tags<br/>
Expect:&quot;jiaofu/finance_d_2.3.0.22&quot;<br/>
&nbsp;&nbsp; But:&quot;finance_d_springcloud_2.6.0.4,finance_d_springcloud_2.6.0.5&quot;</b></a><br />
    <div class="stackTrace" id="exception-2">
              common.utils.JsonAssert.equals(JsonAssert.java:37)<br />
              common.utils.JsonAssert.equals(JsonAssert.java:23)<br />
              common.utils.JsonAssert.equals(JsonAssert.java:23)<br />
              common.utils.JsonAssert.equals(JsonAssert.java:16)<br />
              common.RestfulAutomatedTest.callService(RestfulAutomatedTest.java:34)<br />
              sun.reflect.NativeMethodAccessorImpl.invoke0(Native Method)<br />
              sun.reflect.NativeMethodAccessorImpl.invoke(NativeMethodAccessorImpl.java:62)<br />
              sun.reflect.DelegatingMethodAccessorImpl.invoke(DelegatingMethodAccessorImpl.java:43)<br />
              java.lang.reflect.Method.invoke(Method.java:498)<br />
              org.testng.internal.MethodInvocationHelper.invokeMethod(MethodInvocationHelper.java:124)<br />
              org.testng.internal.Invoker.invokeMethod(Invoker.java:583)<br />
              org.testng.internal.Invoker.invokeTestMethod(Invoker.java:719)<br />
              org.testng.internal.Invoker.invokeTestMethods(Invoker.java:989)<br />
              org.testng.internal.TestMethodWorker.invokeTestMethods(TestMethodWorker.java:125)<br />
              org.testng.internal.TestMethodWorker.run(TestMethodWorker.java:109)<br />
              org.testng.TestRunner.privateRun(TestRunner.java:648)<br />
              org.testng.TestRunner.run(TestRunner.java:505)<br />
              org.testng.SuiteRunner.runTest(SuiteRunner.java:455)<br />
              org.testng.SuiteRunner.access$000(SuiteRunner.java:40)<br />
              org.testng.SuiteRunner$SuiteWorker.run(SuiteRunner.java:489)<br />
              org.testng.internal.thread.ThreadUtil$1.call(ThreadUtil.java:52)<br />
              java.util.concurrent.FutureTask.run(FutureTask.java:266)<br />
              java.util.concurrent.ThreadPoolExecutor.runWorker(ThreadPoolExecutor.java:1149)<br />
              java.util.concurrent.ThreadPoolExecutor$Worker.run(ThreadPoolExecutor.java:624)<br />
              java.lang.Thread.run(Thread.java:748)<br />
                </div>
      </td>
</tr>
<tr>
  <td class="method">
                  callService
      </td>
  <td class="duration">
    0.060s
  </td>
  <td class="result">
        
          <i>Method arguments: </i><span class="arguments">"/back-finance-web/apSupplierInvoice/queryInvoiceListWithPage.do", "{"obj":{},"currentPage":1,"itemsPerPage":10}", common.ServiceCase@5b1b744f</span><br />
    
        

        <a href="javascript:toggleElement('exception-3', 'block')" title="Click to expand/collapse"><b>java.lang.AssertionError: git.tags<br/>
Expect:&quot;jiaofu/finance_d_2.3.0.22&quot;<br/>
&nbsp;&nbsp; But:&quot;finance_d_springcloud_2.6.0.4,finance_d_springcloud_2.6.0.5&quot;</b></a><br />
    <div class="stackTrace" id="exception-3">
              common.utils.JsonAssert.equals(JsonAssert.java:37)<br />
              common.utils.JsonAssert.equals(JsonAssert.java:23)<br />
              common.utils.JsonAssert.equals(JsonAssert.java:23)<br />
              common.utils.JsonAssert.equals(JsonAssert.java:16)<br />
              common.RestfulAutomatedTest.callService(RestfulAutomatedTest.java:34)<br />
              sun.reflect.NativeMethodAccessorImpl.invoke0(Native Method)<br />
              sun.reflect.NativeMethodAccessorImpl.invoke(NativeMethodAccessorImpl.java:62)<br />
              sun.reflect.DelegatingMethodAccessorImpl.invoke(DelegatingMethodAccessorImpl.java:43)<br />
              java.lang.reflect.Method.invoke(Method.java:498)<br />
              org.testng.internal.MethodInvocationHelper.invokeMethod(MethodInvocationHelper.java:124)<br />
              org.testng.internal.Invoker.invokeMethod(Invoker.java:583)<br />
              org.testng.internal.Invoker.invokeTestMethod(Invoker.java:719)<br />
              org.testng.internal.Invoker.invokeTestMethods(Invoker.java:989)<br />
              org.testng.internal.TestMethodWorker.invokeTestMethods(TestMethodWorker.java:125)<br />
              org.testng.internal.TestMethodWorker.run(TestMethodWorker.java:109)<br />
              org.testng.TestRunner.privateRun(TestRunner.java:648)<br />
              org.testng.TestRunner.run(TestRunner.java:505)<br />
              org.testng.SuiteRunner.runTest(SuiteRunner.java:455)<br />
              org.testng.SuiteRunner.access$000(SuiteRunner.java:40)<br />
              org.testng.SuiteRunner$SuiteWorker.run(SuiteRunner.java:489)<br />
              org.testng.internal.thread.ThreadUtil$1.call(ThreadUtil.java:52)<br />
              java.util.concurrent.FutureTask.run(FutureTask.java:266)<br />
              java.util.concurrent.ThreadPoolExecutor.runWorker(ThreadPoolExecutor.java:1149)<br />
              java.util.concurrent.ThreadPoolExecutor$Worker.run(ThreadPoolExecutor.java:624)<br />
              java.lang.Thread.run(Thread.java:748)<br />
                </div>
      </td>
</tr>
      </table>


  <table class="resultsTable">
    <tr><th colspan="3" class="header passed">Passed Tests</th></tr>
          <tr>
        <td colspan="3" class="group">common.RestfulAutomatedTest</td>
      </tr>
            
<tr>
  <td class="method">
                  callService
      </td>
  <td class="duration">
    0.125s
  </td>
  <td class="result">
        
          <i>Method arguments: </i><span class="arguments">"/back-finance-web/apSupplierInvoice/queryInvoiceListWithPage.do", "{"obj":{},"currentPage":1,"itemsPerPage":10}", common.ServiceCase@7c9bb9fe</span><br />
    
        

      </td>
</tr>
<tr>
  <td class="method">
                  callService
      </td>
  <td class="duration">
    0.021s
  </td>
  <td class="result">
        
          <i>Method arguments: </i><span class="arguments">"/ouser-web/cloud/organizationService/getOrgInfo", "{"data":{}}", common.ServiceCase@f478a5e</span><br />
    
        

      </td>
</tr>
<tr>
  <td class="method">
                  callService
      </td>
  <td class="duration">
    0.068s
  </td>
  <td class="result">
        
          <i>Method arguments: </i><span class="arguments">"/back-finance-web/apSupplierInvoice/queryInvoiceListWithPage.do", "{"obj":{},"currentPage":1,"itemsPerPage":10}", common.ServiceCase@53bf8312</span><br />
    
        

      </td>
</tr>
      </table>
  
</body>
</html>
